<?xml version="1.0" encoding="UTF-8"?>
<!-- Generated by org.testng.reporters.JUnitXMLReporter -->
<testsuite hostname="yuxiaolong" name="Test" tests="105" failures="0" timestamp="15 May 2014 11:29:06 GMT" time="0.799" errors="0">
  <testcase name="testDeleteByIdNormal" time="0.0070" classname="cn.vko.core.db.dao.impl.TestDbDao"/>
  <testcase name="testDeleteByIdNull" time="0.0010" classname="cn.vko.core.db.dao.impl.TestDbDao"/>
  <testcase name="testDeleteNormal" time="0.0010" classname="cn.vko.core.db.dao.impl.TestDbDao"/>
  <testcase name="testDeleteNull" time="0.0" classname="cn.vko.core.db.dao.impl.TestDbDao"/>
  <testcase name="testDeleteWithoutId" time="0.0010" classname="cn.vko.core.db.dao.impl.TestDbDao"/>
  <testcase name="testExcuteNull" time="0.0" classname="cn.vko.core.db.dao.impl.TestDbDao"/>
  <testcase name="testFetchByClassByCnd" time="0.0050" classname="cn.vko.core.db.dao.impl.TestDbDao"/>
  <testcase name="testFetchByClassById" time="0.0010" classname="cn.vko.core.db.dao.impl.TestDbDao"/>
  <testcase name="testFetchByClassByNotExistsId" time="0.0010" classname="cn.vko.core.db.dao.impl.TestDbDao"/>
  <testcase name="testFetchByClassNull" time="0.0" classname="cn.vko.core.db.dao.impl.TestDbDao"/>
  <testcase name="testFetchByCndNotHasId" time="0.0" classname="cn.vko.core.db.dao.impl.TestDbDao"/>
  <testcase name="testFetchByIdNotHasId" time="0.0" classname="cn.vko.core.db.dao.impl.TestDbDao"/>
  <testcase name="testFetchBySql" time="0.0020" classname="cn.vko.core.db.dao.impl.TestDbDao"/>
  <testcase name="testFetchBySqlNotExists" time="0.0" classname="cn.vko.core.db.dao.impl.TestDbDao"/>
  <testcase name="testFetchBySqlNull" time="0.0" classname="cn.vko.core.db.dao.impl.TestDbDao"/>
  <testcase name="testFetchByTableNameByCnd" time="0.0010" classname="cn.vko.core.db.dao.impl.TestDbDao"/>
  <testcase name="testFetchByTableNameById" time="0.0010" classname="cn.vko.core.db.dao.impl.TestDbDao"/>
  <testcase name="testFetchByTableNameByNotExistsId" time="0.0010" classname="cn.vko.core.db.dao.impl.TestDbDao"/>
  <testcase name="testFetchByTableNameNull" time="0.0" classname="cn.vko.core.db.dao.impl.TestDbDao"/>
  <testcase name="testInsertArray" time="0.0010" classname="cn.vko.core.db.dao.impl.TestDbDao"/>
  <testcase name="testInsertArrayHasNull" time="0.0010" classname="cn.vko.core.db.dao.impl.TestDbDao"/>
  <testcase name="testInsertArrayNotSame" time="0.0" classname="cn.vko.core.db.dao.impl.TestDbDao"/>
  <testcase name="testInsertArrayNull" time="0.0" classname="cn.vko.core.db.dao.impl.TestDbDao"/>
  <testcase name="testInsertCollectionNull" time="0.0" classname="cn.vko.core.db.dao.impl.TestDbDao"/>
  <testcase name="testInsertList" time="0.0010" classname="cn.vko.core.db.dao.impl.TestDbDao"/>
  <testcase name="testInsertListHasNull" time="0.0010" classname="cn.vko.core.db.dao.impl.TestDbDao"/>
  <testcase name="testInsertMap" time="0.0020" classname="cn.vko.core.db.dao.impl.TestDbDao"/>
  <testcase name="testInsertMapNull" time="0.0" classname="cn.vko.core.db.dao.impl.TestDbDao"/>
  <testcase name="testInsertNull" time="0.0010" classname="cn.vko.core.db.dao.impl.TestDbDao"/>
  <testcase name="testInsertSingleWithAutoIdHasId" time="0.0" classname="cn.vko.core.db.dao.impl.TestDbDao"/>
  <testcase name="testInsertSingleWithAutoIdNotHasId" time="0.0" classname="cn.vko.core.db.dao.impl.TestDbDao"/>
  <testcase name="testInsertSingleWithNotAutoIdNotHasId" time="0.0010" classname="cn.vko.core.db.dao.impl.TestDbDao"/>
  <testcase name="testInsertSingleWithoutIdNotHasId" time="0.0010" classname="cn.vko.core.db.dao.impl.TestDbDao"/>
  <testcase name="testInsertTableByClass" time="0.0010" classname="cn.vko.core.db.dao.impl.TestDbDao"/>
  <testcase name="testInsertTableByClassChainNull" time="0.0" classname="cn.vko.core.db.dao.impl.TestDbDao"/>
  <testcase name="testInsertTableByClassClassNull" time="0.0010" classname="cn.vko.core.db.dao.impl.TestDbDao"/>
  <testcase name="testInsertTableByTableName" time="0.0" classname="cn.vko.core.db.dao.impl.TestDbDao"/>
  <testcase name="testInsertTableByTableNameChainNull" time="0.0010" classname="cn.vko.core.db.dao.impl.TestDbDao"/>
  <testcase name="testInsertTableByTableNameTabelNameNull" time="0.0" classname="cn.vko.core.db.dao.impl.TestDbDao"/>
  <testcase name="testInsertWithOutAutoHasId" time="0.0010" classname="cn.vko.core.db.dao.impl.TestDbDao"/>
  <testcase name="testQueryByClass" time="0.0020" classname="cn.vko.core.db.dao.impl.TestDbDao"/>
  <testcase name="testQueryByClassClazzNull" time="0.0" classname="cn.vko.core.db.dao.impl.TestDbDao"/>
  <testcase name="testQueryByClassCnd" time="0.0010" classname="cn.vko.core.db.dao.impl.TestDbDao"/>
  <testcase name="testQueryByClassCndAndPagerNull" time="0.0030" classname="cn.vko.core.db.dao.impl.TestDbDao"/>
  <testcase name="testQueryBySql" time="0.0020" classname="cn.vko.core.db.dao.impl.TestDbDao"/>
  <testcase name="testQueryBySqlCnd" time="0.0010" classname="cn.vko.core.db.dao.impl.TestDbDao"/>
  <testcase name="testQueryBySqlCndAndPagerNull" time="0.0020" classname="cn.vko.core.db.dao.impl.TestDbDao"/>
  <testcase name="testQueryBySqlSqlNull" time="0.0" classname="cn.vko.core.db.dao.impl.TestDbDao"/>
  <testcase name="testQueryByTableName" time="0.0010" classname="cn.vko.core.db.dao.impl.TestDbDao"/>
  <testcase name="testQueryByTableNameCnd" time="0.0010" classname="cn.vko.core.db.dao.impl.TestDbDao"/>
  <testcase name="testQueryByTableNameCndAndPagerNull" time="0.0030" classname="cn.vko.core.db.dao.impl.TestDbDao"/>
  <testcase name="testQueryByTableNameTableNameNull" time="0.0" classname="cn.vko.core.db.dao.impl.TestDbDao"/>
  <testcase name="testUpdateArrayAll" time="0.0030" classname="cn.vko.core.db.dao.impl.TestDbDao"/>
  <testcase name="testUpdateArrayParty" time="0.0020" classname="cn.vko.core.db.dao.impl.TestDbDao"/>
  <testcase name="testUpdateByClassTableNameNull" time="0.0" classname="cn.vko.core.db.dao.impl.TestDbDao"/>
  <testcase name="testUpdateByTableNameTableNameNull" time="0.0" classname="cn.vko.core.db.dao.impl.TestDbDao"/>
  <testcase name="testUpdateListAll" time="0.0030" classname="cn.vko.core.db.dao.impl.TestDbDao"/>
  <testcase name="testUpdateListParty" time="0.0020" classname="cn.vko.core.db.dao.impl.TestDbDao"/>
  <testcase name="testUpdateMap" time="0.0" classname="cn.vko.core.db.dao.impl.TestDbDao"/>
  <testcase name="testUpdateObjNull" time="0.0" classname="cn.vko.core.db.dao.impl.TestDbDao"/>
  <testcase name="testUpdateSingleAll" time="0.0010" classname="cn.vko.core.db.dao.impl.TestDbDao"/>
  <testcase name="testUpdateSingleParty" time="0.0020" classname="cn.vko.core.db.dao.impl.TestDbDao"/>
  <testcase name="testUpdateWithoutId" time="0.0" classname="cn.vko.core.db.dao.impl.TestDbDao"/>
  <testcase name="testUpdateWithoutIdParty" time="0.0" classname="cn.vko.core.db.dao.impl.TestDbDao"/>
  <testcase name="testInsertArray" time="0.0040" classname="cn.vko.core.db.dao.impl.TestOperateDbDao"/>
  <testcase name="testInsertCollection" time="0.0010" classname="cn.vko.core.db.dao.impl.TestOperateDbDao"/>
  <testcase name="testInsertMap" time="0.0010" classname="cn.vko.core.db.dao.impl.TestOperateDbDao"/>
  <testcase name="testInsertNull" time="0.0" classname="cn.vko.core.db.dao.impl.TestOperateDbDao"/>
  <testcase name="testInsertSignle" time="0.0010" classname="cn.vko.core.db.dao.impl.TestOperateDbDao"/>
  <testcase name="testInsertWithUserId" time="0.0010" classname="cn.vko.core.db.dao.impl.TestOperateDbDao"/>
  <testcase name="testUpdateArray" time="0.0030" classname="cn.vko.core.db.dao.impl.TestOperateDbDao"/>
  <testcase name="testUpdateCollection" time="0.0020" classname="cn.vko.core.db.dao.impl.TestOperateDbDao"/>
  <testcase name="testUpdateMap" time="0.0" classname="cn.vko.core.db.dao.impl.TestOperateDbDao"/>
  <testcase name="testUpdateNull" time="0.0" classname="cn.vko.core.db.dao.impl.TestOperateDbDao"/>
  <testcase name="testUpdateSignle" time="0.0020" classname="cn.vko.core.db.dao.impl.TestOperateDbDao"/>
  <testcase name="testAbleMulipt" time="0.0060" classname="cn.vko.core.db.util.TestDbExendUtil"/>
  <testcase name="testAbleSignleNoral" time="0.0020" classname="cn.vko.core.db.util.TestDbExendUtil"/>
  <testcase name="testCount" time="0.0020" classname="cn.vko.core.db.util.TestDbExendUtil"/>
  <testcase name="testCountCnd" time="0.0020" classname="cn.vko.core.db.util.TestDbExendUtil"/>
  <testcase name="testCountNull" time="0.0010" classname="cn.vko.core.db.util.TestDbExendUtil"/>
  <testcase name="testDisableStatus" time="0.0010" classname="cn.vko.core.db.util.TestDbExendUtil"/>
  <testcase name="testEnableStatus" time="0.0020" classname="cn.vko.core.db.util.TestDbExendUtil"/>
  <testcase name="testFetchEntity" time="0.0010" classname="cn.vko.core.db.util.TestDbSqlUtil"/>
  <testcase name="testFetchIntIll" time="0.0" classname="cn.vko.core.db.util.TestDbSqlUtil"/>
  <testcase name="testFetchLongIll" time="0.0010" classname="cn.vko.core.db.util.TestDbSqlUtil"/>
  <testcase name="testFetchSignleNormal" time="0.0030" classname="cn.vko.core.db.util.TestDbSqlUtil"/>
  <testcase name="testFetchStringIll" time="0.0010" classname="cn.vko.core.db.util.TestDbSqlUtil"/>
  <testcase name="testQueryEntity" time="0.01" classname="cn.vko.core.db.util.TestDbSqlUtil"/>
  <testcase name="testQueryEntityIll" time="0.0090" classname="cn.vko.core.db.util.TestDbSqlUtil"/>
  <testcase name="testQueryEntityPager" time="0.0020" classname="cn.vko.core.db.util.TestDbSqlUtil"/>
  <testcase name="testQueryEntityPagerRecordCount" time="0.0030" classname="cn.vko.core.db.util.TestDbSqlUtil"/>
  <testcase name="testQueryIntAll" time="0.0010" classname="cn.vko.core.db.util.TestDbSqlUtil"/>
  <testcase name="testQueryIntCastIll" time="0.0010" classname="cn.vko.core.db.util.TestDbSqlUtil"/>
  <testcase name="testQueryIntIll" time="0.0" classname="cn.vko.core.db.util.TestDbSqlUtil"/>
  <testcase name="testQueryIntPager" time="0.0" classname="cn.vko.core.db.util.TestDbSqlUtil"/>
  <testcase name="testQueryIntPagerRecordCount" time="0.0" classname="cn.vko.core.db.util.TestDbSqlUtil"/>
  <testcase name="testEName2TName" time="0.0010" classname="cn.vko.core.db.util.TestEntityUtil"/>
  <testcase name="testGetTableName" time="0.0" classname="cn.vko.core.db.util.TestEntityUtil"/>
  <testcase name="testGetBoolean" time="0.0" classname="cn.vko.core.db.util.TestRecordUtil"/>
  <testcase name="testGetBooleanIll" time="0.0" classname="cn.vko.core.db.util.TestRecordUtil"/>
  <testcase name="testGetDateIll" time="0.0" classname="cn.vko.core.db.util.TestRecordUtil"/>
  <testcase name="testGetDouble" time="0.0010" classname="cn.vko.core.db.util.TestRecordUtil"/>
  <testcase name="testGetDoubleIll" time="0.0" classname="cn.vko.core.db.util.TestRecordUtil"/>
  <testcase name="testGetLong" time="0.0" classname="cn.vko.core.db.util.TestRecordUtil"/>
  <testcase name="testGetLongIll" time="0.0" classname="cn.vko.core.db.util.TestRecordUtil"/>
</testsuite>
