<?xml version="1.0" encoding="UTF-8" ?>
<testsuite failures="0" time="1.274" errors="0" skipped="0" tests="105" name="TestSuite">
  <properties>
[...]
</properties>
  <testcase time="0.007" classname="cn.vko.core.db.dao.impl.TestDbDao" name="testDeleteByIdNormal"/>
  <testcase time="0.001" classname="cn.vko.core.db.dao.impl.TestDbDao" name="testDeleteByIdNull"/>
  <testcase time="0.002" classname="cn.vko.core.db.dao.impl.TestDbDao" name="testDeleteNormal"/>
  <testcase time="0" classname="cn.vko.core.db.dao.impl.TestDbDao" name="testDeleteNull"/>
  <testcase time="0.001" classname="cn.vko.core.db.dao.impl.TestDbDao" name="testDeleteWithoutId"/>
  <testcase time="0" classname="cn.vko.core.db.dao.impl.TestDbDao" name="testExcuteNull"/>
  <testcase time="0.005" classname="cn.vko.core.db.dao.impl.TestDbDao" name="testFetchByClassByCnd"/>
  <testcase time="0.001" classname="cn.vko.core.db.dao.impl.TestDbDao" name="testFetchByClassById"/>
  <testcase time="0.001" classname="cn.vko.core.db.dao.impl.TestDbDao" name="testFetchByClassByNotExistsId"/>
  <testcase time="0" classname="cn.vko.core.db.dao.impl.TestDbDao" name="testFetchByClassNull"/>
  <testcase time="0.001" classname="cn.vko.core.db.dao.impl.TestDbDao" name="testFetchByCndNotHasId"/>
  <testcase time="0" classname="cn.vko.core.db.dao.impl.TestDbDao" name="testFetchByIdNotHasId"/>
  <testcase time="0.002" classname="cn.vko.core.db.dao.impl.TestDbDao" name="testFetchBySql"/>
  <testcase time="0" classname="cn.vko.core.db.dao.impl.TestDbDao" name="testFetchBySqlNotExists"/>
  <testcase time="0" classname="cn.vko.core.db.dao.impl.TestDbDao" name="testFetchBySqlNull"/>
  <testcase time="0.001" classname="cn.vko.core.db.dao.impl.TestDbDao" name="testFetchByTableNameByCnd"/>
  <testcase time="0.001" classname="cn.vko.core.db.dao.impl.TestDbDao" name="testFetchByTableNameById"/>
  <testcase time="0.001" classname="cn.vko.core.db.dao.impl.TestDbDao" name="testFetchByTableNameByNotExistsId"/>
  <testcase time="0" classname="cn.vko.core.db.dao.impl.TestDbDao" name="testFetchByTableNameNull"/>
  <testcase time="0.001" classname="cn.vko.core.db.dao.impl.TestDbDao" name="testInsertArray"/>
  <testcase time="0.001" classname="cn.vko.core.db.dao.impl.TestDbDao" name="testInsertArrayHasNull"/>
  <testcase time="0.001" classname="cn.vko.core.db.dao.impl.TestDbDao" name="testInsertArrayNotSame"/>
  <testcase time="0" classname="cn.vko.core.db.dao.impl.TestDbDao" name="testInsertArrayNull"/>
  <testcase time="0" classname="cn.vko.core.db.dao.impl.TestDbDao" name="testInsertCollectionNull"/>
  <testcase time="0.001" classname="cn.vko.core.db.dao.impl.TestDbDao" name="testInsertList"/>
  <testcase time="0.001" classname="cn.vko.core.db.dao.impl.TestDbDao" name="testInsertListHasNull"/>
  <testcase time="0.002" classname="cn.vko.core.db.dao.impl.TestDbDao" name="testInsertMap"/>
  <testcase time="0" classname="cn.vko.core.db.dao.impl.TestDbDao" name="testInsertMapNull"/>
  <testcase time="0" classname="cn.vko.core.db.dao.impl.TestDbDao" name="testInsertNull"/>
  <testcase time="0.001" classname="cn.vko.core.db.dao.impl.TestDbDao" name="testInsertSingleWithAutoIdHasId"/>
  <testcase time="0" classname="cn.vko.core.db.dao.impl.TestDbDao" name="testInsertSingleWithAutoIdNotHasId"/>
  <testcase time="0" classname="cn.vko.core.db.dao.impl.TestDbDao" name="testInsertSingleWithNotAutoIdNotHasId"/>
  <testcase time="0.001" classname="cn.vko.core.db.dao.impl.TestDbDao" name="testInsertSingleWithoutIdNotHasId"/>
  <testcase time="0.001" classname="cn.vko.core.db.dao.impl.TestDbDao" name="testInsertTableByClass"/>
  <testcase time="0" classname="cn.vko.core.db.dao.impl.TestDbDao" name="testInsertTableByClassChainNull"/>
  <testcase time="0" classname="cn.vko.core.db.dao.impl.TestDbDao" name="testInsertTableByClassClassNull"/>
  <testcase time="0" classname="cn.vko.core.db.dao.impl.TestDbDao" name="testInsertTableByTableName"/>
  <testcase time="0" classname="cn.vko.core.db.dao.impl.TestDbDao" name="testInsertTableByTableNameChainNull"/>
  <testcase time="0" classname="cn.vko.core.db.dao.impl.TestDbDao" name="testInsertTableByTableNameTabelNameNull"/>
  <testcase time="0.001" classname="cn.vko.core.db.dao.impl.TestDbDao" name="testInsertWithOutAutoHasId"/>
  <testcase time="0.002" classname="cn.vko.core.db.dao.impl.TestDbDao" name="testQueryByClass"/>
  <testcase time="0" classname="cn.vko.core.db.dao.impl.TestDbDao" name="testQueryByClassClazzNull"/>
  <testcase time="0.001" classname="cn.vko.core.db.dao.impl.TestDbDao" name="testQueryByClassCnd"/>
  <testcase time="0.003" classname="cn.vko.core.db.dao.impl.TestDbDao" name="testQueryByClassCndAndPagerNull"/>
  <testcase time="0.002" classname="cn.vko.core.db.dao.impl.TestDbDao" name="testQueryBySql"/>
  <testcase time="0.001" classname="cn.vko.core.db.dao.impl.TestDbDao" name="testQueryBySqlCnd"/>
  <testcase time="0.002" classname="cn.vko.core.db.dao.impl.TestDbDao" name="testQueryBySqlCndAndPagerNull"/>
  <testcase time="0" classname="cn.vko.core.db.dao.impl.TestDbDao" name="testQueryBySqlSqlNull"/>
  <testcase time="0.001" classname="cn.vko.core.db.dao.impl.TestDbDao" name="testQueryByTableName"/>
  <testcase time="0" classname="cn.vko.core.db.dao.impl.TestDbDao" name="testQueryByTableNameCnd"/>
  <testcase time="0.003" classname="cn.vko.core.db.dao.impl.TestDbDao" name="testQueryByTableNameCndAndPagerNull"/>
  <testcase time="0" classname="cn.vko.core.db.dao.impl.TestDbDao" name="testQueryByTableNameTableNameNull"/>
  <testcase time="0.003" classname="cn.vko.core.db.dao.impl.TestDbDao" name="testUpdateArrayAll"/>
  <testcase time="0.002" classname="cn.vko.core.db.dao.impl.TestDbDao" name="testUpdateArrayParty"/>
  <testcase time="0" classname="cn.vko.core.db.dao.impl.TestDbDao" name="testUpdateByClassTableNameNull"/>
  <testcase time="0" classname="cn.vko.core.db.dao.impl.TestDbDao" name="testUpdateByTableNameTableNameNull"/>
  <testcase time="0.002" classname="cn.vko.core.db.dao.impl.TestDbDao" name="testUpdateListAll"/>
  <testcase time="0.002" classname="cn.vko.core.db.dao.impl.TestDbDao" name="testUpdateListParty"/>
  <testcase time="0" classname="cn.vko.core.db.dao.impl.TestDbDao" name="testUpdateMap"/>
  <testcase time="0" classname="cn.vko.core.db.dao.impl.TestDbDao" name="testUpdateObjNull"/>
  <testcase time="0.001" classname="cn.vko.core.db.dao.impl.TestDbDao" name="testUpdateSingleAll"/>
  <testcase time="0.002" classname="cn.vko.core.db.dao.impl.TestDbDao" name="testUpdateSingleParty"/>
  <testcase time="0" classname="cn.vko.core.db.dao.impl.TestDbDao" name="testUpdateWithoutId"/>
  <testcase time="0.001" classname="cn.vko.core.db.dao.impl.TestDbDao" name="testUpdateWithoutIdParty"/>
  <testcase time="0.004" classname="cn.vko.core.db.dao.impl.TestOperateDbDao" name="testInsertArray"/>
  <testcase time="0.001" classname="cn.vko.core.db.dao.impl.TestOperateDbDao" name="testInsertCollection"/>
  <testcase time="0.001" classname="cn.vko.core.db.dao.impl.TestOperateDbDao" name="testInsertMap"/>
  <testcase time="0" classname="cn.vko.core.db.dao.impl.TestOperateDbDao" name="testInsertNull"/>
  <testcase time="0.001" classname="cn.vko.core.db.dao.impl.TestOperateDbDao" name="testInsertSignle"/>
  <testcase time="0.001" classname="cn.vko.core.db.dao.impl.TestOperateDbDao" name="testInsertWithUserId"/>
  <testcase time="0.003" classname="cn.vko.core.db.dao.impl.TestOperateDbDao" name="testUpdateArray"/>
  <testcase time="0.002" classname="cn.vko.core.db.dao.impl.TestOperateDbDao" name="testUpdateCollection"/>
  <testcase time="0" classname="cn.vko.core.db.dao.impl.TestOperateDbDao" name="testUpdateMap"/>
  <testcase time="0" classname="cn.vko.core.db.dao.impl.TestOperateDbDao" name="testUpdateNull"/>
  <testcase time="0.002" classname="cn.vko.core.db.dao.impl.TestOperateDbDao" name="testUpdateSignle"/>
  <testcase time="0.006" classname="cn.vko.core.db.util.TestDbExendUtil" name="testAbleMulipt"/>
  <testcase time="0.002" classname="cn.vko.core.db.util.TestDbExendUtil" name="testAbleSignleNoral"/>
  <testcase time="0.001" classname="cn.vko.core.db.util.TestDbExendUtil" name="testCount"/>
  <testcase time="0.002" classname="cn.vko.core.db.util.TestDbExendUtil" name="testCountCnd"/>
  <testcase time="0" classname="cn.vko.core.db.util.TestDbExendUtil" name="testCountNull"/>
  <testcase time="0.001" classname="cn.vko.core.db.util.TestDbExendUtil" name="testDisableStatus"/>
  <testcase time="0.001" classname="cn.vko.core.db.util.TestDbExendUtil" name="testEnableStatus"/>
  <testcase time="0.002" classname="cn.vko.core.db.util.TestDbSqlUtil" name="testFetchEntity"/>
  <testcase time="0" classname="cn.vko.core.db.util.TestDbSqlUtil" name="testFetchIntIll"/>
  <testcase time="0.001" classname="cn.vko.core.db.util.TestDbSqlUtil" name="testFetchLongIll"/>
  <testcase time="0.003" classname="cn.vko.core.db.util.TestDbSqlUtil" name="testFetchSignleNormal"/>
  <testcase time="0.001" classname="cn.vko.core.db.util.TestDbSqlUtil" name="testFetchStringIll"/>
  <testcase time="0.01" classname="cn.vko.core.db.util.TestDbSqlUtil" name="testQueryEntity"/>
  <testcase time="0.01" classname="cn.vko.core.db.util.TestDbSqlUtil" name="testQueryEntityIll"/>
  <testcase time="0.002" classname="cn.vko.core.db.util.TestDbSqlUtil" name="testQueryEntityPager"/>
  <testcase time="0.003" classname="cn.vko.core.db.util.TestDbSqlUtil" name="testQueryEntityPagerRecordCount"/>
  <testcase time="0.001" classname="cn.vko.core.db.util.TestDbSqlUtil" name="testQueryIntAll"/>
  <testcase time="0.001" classname="cn.vko.core.db.util.TestDbSqlUtil" name="testQueryIntCastIll"/>
  <testcase time="0" classname="cn.vko.core.db.util.TestDbSqlUtil" name="testQueryIntIll"/>
  <testcase time="0.001" classname="cn.vko.core.db.util.TestDbSqlUtil" name="testQueryIntPager"/>
  <testcase time="0" classname="cn.vko.core.db.util.TestDbSqlUtil" name="testQueryIntPagerRecordCount"/>
  <testcase time="0.001" classname="cn.vko.core.db.util.TestEntityUtil" name="testEName2TName"/>
  <testcase time="0" classname="cn.vko.core.db.util.TestEntityUtil" name="testGetTableName"/>
  <testcase time="0" classname="cn.vko.core.db.util.TestRecordUtil" name="testGetBoolean"/>
  <testcase time="0" classname="cn.vko.core.db.util.TestRecordUtil" name="testGetBooleanIll"/>
  <testcase time="0" classname="cn.vko.core.db.util.TestRecordUtil" name="testGetDateIll"/>
  <testcase time="0.001" classname="cn.vko.core.db.util.TestRecordUtil" name="testGetDouble"/>
  <testcase time="0" classname="cn.vko.core.db.util.TestRecordUtil" name="testGetDoubleIll"/>
  <testcase time="0" classname="cn.vko.core.db.util.TestRecordUtil" name="testGetLong"/>
  <testcase time="0" classname="cn.vko.core.db.util.TestRecordUtil" name="testGetLongIll"/>
</testsuite>