<?xml version="1.0" encoding="UTF-8"?>
<testng-results skipped="0" failed="0" total="1" passed="1">
  <reporter-output>
  </reporter-output>
  <suite name="Default suite" duration-ms="4035168" started-at="2014-05-14T17:14:35Z" finished-at="2014-05-14T18:21:50Z">
    <groups>
    </groups>
    <test name="Default test" duration-ms="4035168" started-at="2014-05-14T17:14:35Z" finished-at="2014-05-14T18:21:50Z">
      <class name="cn.vko.business.spider.downloader.ImgDownloaderTest">
        <test-method status="PASS" signature="testDownload()[pri:0, instance:cn.vko.business.spider.downloader.ImgDownloaderTest@5caf993e]" name="testDownload" duration-ms="4035158" started-at="2014-05-14T17:14:35Z" finished-at="2014-05-14T18:21:50Z">
        </test-method> <!-- testDownload -->
      </class> <!-- cn.vko.business.spider.downloader.ImgDownloaderTest -->
    </test> <!-- Default test -->
  </suite> <!-- Default suite -->
</testng-results>
